       1                                ;combination of all addressing modes with arithmetic operations
       2                                
       3                                
       4 000000 000010                  A:	.WORD 10
       5 000002 000020                  B:	.WORD 20
       6 000004 000030                  C:	.WORD 30
       7 000006 000040                  D:	.WORD 40
       8                                
       9                                START:
      10 000010 016701  177764          		MOV A, R1
      11 000014 016702  177762          		MOV B, R2
      12 000020 010304                  		MOV R3, R4
      13 000022 016767  177756  177756  		MOV C, D
      14 000030 010467  177750          		MOV R4, C
      15 000034 060102                  		ADD R1, R2
      16 000036 162201                  		SUB (R2)+, R1
      17 000040 162221                  		SUB (R2)+, (R1)+
      18 000042 060142                  		ADD R1, -(R2)
      19 000044 164121                  		SUB -(R1), (R1)+
      20 000046 166261  000100  000100  		SUB 100(R2), 100(R1)
      21 000054 162261  000100          		SUB (R2)+, 100(R1)
      22 000060 061112                  		ADD @R1, @R2
      23 000062 061241                  		ADD @R2, -(R1)
      24 000064 163231                  		SUB @(R2)+, @(R1)+
      25 000066 065121                  		ADD @-(R1), (R1)+
      26 000070 166271  000200  000100  		SUB 200(R2), @100(R1)
      27 000076 062702  000030          		ADD #30, R2
      28 000102 063702  000030          		ADD @#30, R2 
      29 000106 166701  177672          		SUB C, R1
      30 000112 066777  177662  177662  		ADD A, @B
      31 000120 070167  177660          		MUL C, R1
      32 000124 071267  177656          		DIV D, R2
      33 000130 000000                  		HALT
      33                                		.END START
